2025-01-25 23:24:31 [INFO]: Server is running on: localhost:, 5002
2025-01-25 23:24:32 [INFO]: Database connection successful
2025-01-25 23:27:47 [INFO]: Server is running on: localhost:, 5002
2025-01-25 23:27:48 [INFO]: Database connection successful
2025-01-25 23:28:29 [INFO]: Server is running on: localhost:, 5002
2025-01-25 23:28:29 [INFO]: Database connection successful
2025-01-25 23:29:22 [INFO]: Server is running on: localhost:, 5002
2025-01-25 23:29:23 [INFO]: Database connection successful
2025-01-25 23:32:02 [INFO]: Server is running on: localhost:, 5002
2025-01-25 23:32:03 [INFO]: Database connection successful
2025-01-25 23:35:39 [INFO]: Server is running on: localhost:, 5002
2025-01-25 23:35:39 [INFO]: Database connection successful
2025-01-25 23:36:53 [INFO]: Server is running on: localhost:, 5002
2025-01-25 23:36:54 [INFO]: Database connection successful
2025-01-25 23:38:19 [INFO]: Server is running on: localhost:, 5002
2025-01-25 23:38:21 [INFO]: Database connection successful
2025-01-25 23:45:00 [INFO]: Running cron job for rescheduling pending tasks at 11:45 PM....
2025-01-25 23:45:00 [INFO]: today==>
2025-01-25 23:45:01 [INFO]: No tasks to be rescheduled.
2025-01-25 23:50:00 [INFO]: Running cron job for rescheduling complete tasks at 11:50 PM....
2025-01-25 23:50:00 [INFO]: today==>
2025-01-25 23:50:50 [WARN]: ECONNRESET encountered. Retrying... (1/3)
2025-01-25 23:50:53 [INFO]: No tasks found for rescheduling.
2025-01-26 00:02:00 [INFO]: Running cron job for task creation at 12:02 AM....
2025-01-26 00:02:00 [INFO]: today==>
2025-01-26 00:02:42 [WARN]: ECONNRESET encountered. Retrying... (1/3)
2025-01-26 00:02:44 [INFO]: Found 2 clients with upcoming services.
2025-01-26 00:02:45 [INFO]: Successfully created 2 tasks.
2025-01-26 00:10:00 [INFO]: Running cron job for assigning tasks at 12:10 AM....
2025-01-26 00:10:44 [WARN]: ECONNRESET encountered. Retrying... (1/3)
2025-01-26 00:10:47 [INFO]: Assigning 2 tasks among 1 teams (1).
2025-01-26 00:10:47 [INFO]: Task 92 assigned to Team 1 (Tasks assigned: 1)
2025-01-26 00:10:47 [INFO]: Task 93 assigned to Team 1 (Tasks assigned: 2)
2025-01-26 00:22:31 [INFO]: Server is running on: localhost:, 5002
2025-01-26 00:22:32 [INFO]: Database connection successful
2025-01-26 00:28:17 [INFO]: Server is running on: localhost:, 5002
2025-01-26 00:28:18 [INFO]: Database connection successful
2025-01-26 00:28:20 [INFO]: Server is running on: localhost:, 5002
2025-01-26 00:28:21 [INFO]: Database connection successful
2025-01-26 00:29:11 [INFO]: Server is running on: localhost:, 5002
2025-01-26 00:29:12 [INFO]: Database connection successful
2025-01-27 14:42:53 [INFO]: Server is running on: localhost:, 5002
2025-01-27 14:42:54 [INFO]: Database connection successful
2025-01-27 14:43:08 [INFO]: Server is running on: localhost:, 5002
2025-01-27 14:43:09 [INFO]: Database connection successful
2025-01-27 14:43:45 [INFO]: Server is running on: localhost:, 5002
2025-01-27 14:43:46 [INFO]: Database connection successful
2025-01-27 14:44:42 [INFO]: Server is running on: localhost:, 5002
2025-01-27 14:44:43 [INFO]: Database connection successful
2025-01-27 14:44:59 [INFO]: Server is running on: localhost:, 5002
2025-01-27 14:45:00 [INFO]: Database connection successful
2025-01-27 14:45:11 [INFO]: Server is running on: localhost:, 5002
2025-01-27 14:45:12 [INFO]: Database connection successful
2025-01-27 14:48:14 [INFO]: Successfully Fetched Tasks:
2025-01-27 14:48:15 [INFO]: Successfully Fetched Tasks:
2025-01-27 14:52:17 [INFO]: Successfully Fetched Tasks:
2025-01-27 14:54:50 [INFO]: Successfully Fetched Tasks:
2025-01-27 14:54:50 [INFO]: Successfully Fetched Tasks:
2025-01-27 15:00:13 [INFO]: Server is running on: localhost:, 5002
2025-01-27 15:00:14 [INFO]: Database connection successful
2025-01-27 15:01:40 [INFO]: Server is running on: localhost:, 5002
2025-01-27 15:01:43 [INFO]: Database connection successful
2025-01-27 15:02:03 [INFO]: Successfully Fetched Team:
2025-01-27 15:02:03 [INFO]: Successfully Fetched Team:
2025-01-27 15:02:09 [INFO]: Server is running on: localhost:, 5002
2025-01-27 15:02:10 [INFO]: Database connection successful
2025-01-27 15:02:54 [INFO]: Server is running on: localhost:, 5002
2025-01-27 15:02:55 [INFO]: Database connection successful
2025-01-27 15:39:48 [INFO]: Successfully Fetched Team:
2025-01-27 15:39:49 [INFO]: Successfully Fetched Team:
2025-01-27 15:41:33 [INFO]: Successfully Fetched Team:
2025-01-27 15:41:34 [INFO]: Successfully Fetched Team:
2025-01-27 15:43:04 [INFO]: Successfully Fetched Team:
2025-01-27 15:43:05 [INFO]: Successfully Fetched Team:
2025-01-27 15:43:11 [INFO]: Successfully Fetched Team:
2025-01-27 15:43:12 [INFO]: Successfully Fetched Team:
2025-01-27 15:43:55 [INFO]: Successfully Fetched Tasks:
2025-01-27 15:43:57 [INFO]: Successfully Fetched Tasks:
2025-01-27 15:44:00 [INFO]: Successfully Fetched Team:
2025-01-27 15:44:00 [INFO]: Successfully Fetched Team:
2025-01-27 15:47:19 [INFO]: Successfully Fetched Team:
2025-01-27 15:47:19 [INFO]: Successfully Fetched Team:
2025-01-27 15:52:34 [INFO]: Successfully Fetched Team:
2025-01-27 15:52:34 [INFO]: Successfully Fetched Team:
2025-01-27 15:53:09 [INFO]: Successfully Fetched Team:
2025-01-27 15:53:10 [INFO]: Successfully Fetched Team:
2025-01-27 15:53:13 [INFO]: Successfully Fetched Tasks:
2025-01-27 15:53:14 [INFO]: Successfully Fetched Tasks:
2025-01-27 15:54:12 [INFO]: Webhook received data:
2025-01-27 15:54:12 [INFO]: Button response from 923118366981: 3 - Excellent
2025-01-27 15:54:15 [INFO]: Found client Ahsan with ID: 25
2025-01-27 15:54:16 [INFO]: Feedback recorded for Task ID: 72 with rating: 3
2025-01-27 15:55:20 [INFO]: Successfully Fetched Tasks:
2025-01-27 15:55:21 [INFO]: Successfully Fetched Tasks:
2025-01-27 15:55:26 [INFO]: Successfully Fetched Tasks:
2025-01-27 15:55:27 [INFO]: Successfully Fetched Tasks:
2025-01-27 15:55:31 [INFO]: Successfully Fetched Team:
2025-01-27 15:55:31 [INFO]: Successfully Fetched Team:
2025-01-27 16:01:38 [INFO]: Successfully fetched records from tracking.
2025-01-27 16:01:38 [INFO]: Successfully fetched records from tracking.
2025-01-28 15:45:51 [INFO]: Server is running on: localhost:, 5002
2025-01-28 15:45:52 [INFO]: Database connection successful
2025-01-28 15:47:25 [INFO]: Webhook received data:
2025-01-28 15:47:25 [INFO]: Button response from 923118366981: 3 - Excellent
2025-01-28 15:47:26 [INFO]: Found client Ahsan with ID: 25
2025-01-28 15:47:26 [INFO]: Feedback recorded for Task ID: 72 with rating: 3
2025-01-28 15:48:22 [INFO]: Webhook received data:
2025-01-28 15:48:22 [INFO]: Button response from 923118366981: 3 - Excellent
2025-01-28 15:48:23 [INFO]: Found client Ahsan with ID: 25
2025-01-28 15:48:23 [INFO]: Feedback recorded for Task ID: 72 with rating: 3
2025-01-28 15:51:01 [INFO]: Successfully Fetched Tasks:
2025-01-28 15:51:02 [INFO]: Successfully Fetched Tasks:
2025-01-28 16:00:38 [INFO]: Server is running on: localhost:, 5002
2025-01-28 16:00:39 [INFO]: Database connection successful
2025-01-28 16:07:15 [INFO]: Server is running on: localhost:, 5002
2025-01-28 16:07:16 [INFO]: Database connection successful
2025-01-28 16:10:39 [INFO]: Server is running on: localhost:, 5002
2025-01-28 16:10:40 [INFO]: Database connection successful
2025-01-28 16:11:13 [INFO]: Server is running on: localhost:, 5002
2025-01-28 16:11:14 [INFO]: Database connection successful
2025-01-28 16:12:19 [INFO]: Server is running on: localhost:, 5002
2025-01-28 16:12:20 [INFO]: Database connection successful
2025-01-28 16:13:50 [INFO]: Server is running on: localhost:, 5002
2025-01-28 16:13:51 [INFO]: Database connection successful
2025-01-28 16:14:20 [INFO]: Server is running on: localhost:, 5002
2025-01-28 16:14:21 [INFO]: Database connection successful
2025-01-28 22:41:36 [INFO]: Server is running on: localhost:, 5002
2025-01-28 22:41:37 [INFO]: Database connection successful
2025-01-28 22:42:04 [INFO]: Successfully Fetched Team:
2025-01-28 22:42:04 [INFO]: Successfully Fetched Team:
2025-01-28 22:42:05 [INFO]: Successfully Fetched Tasks:
2025-01-28 22:42:06 [INFO]: Successfully Fetched Team:
2025-01-28 22:42:06 [INFO]: Successfully Fetched Tasks:
2025-01-28 22:42:07 [INFO]: Successfully Fetched Team:
2025-01-28 22:42:07 [INFO]: Successfully fetched tasks:
2025-01-28 22:42:07 [INFO]: Successfully fetched records from tracking.
2025-01-28 22:42:08 [INFO]: Successfully fetched tasks:
2025-01-28 22:42:08 [INFO]: Successfully fetched records from tracking.
2025-01-28 22:42:08 [INFO]: Successfully Fetched Missed Tasks:
2025-01-28 22:42:08 [INFO]: Successfully Fetched Team:
2025-01-28 22:42:09 [INFO]: Successfully Fetched Missed Tasks:
2025-01-28 22:42:09 [INFO]: Successfully Fetched Team:
2025-01-28 22:42:09 [INFO]: Successfully fetched records from tracking.
2025-01-28 22:42:10 [INFO]: Successfully fetched records from tracking.
2025-01-28 22:46:02 [INFO]: Server is running on: localhost:, 5002
2025-01-28 22:46:04 [ERROR]: Database connection error:, err
2025-01-28 22:46:14 [INFO]: Server is running on: localhost:, 5002
2025-01-28 22:46:47 [INFO]: Server is running on: localhost:, 5002
2025-01-28 22:47:04 [INFO]: Server is running on: localhost:, 5002
2025-01-28 22:47:05 [INFO]: Database connection successful
2025-02-07 15:21:51 [INFO]: Server is running on: localhost:, 5002
2025-02-07 15:21:54 [INFO]: Database connection successful
2025-02-07 15:23:00 [INFO]: User AdminOfSolar logged in successfully
2025-02-07 15:23:48 [INFO]: Payload for insertion:
2025-02-07 15:24:51 [INFO]: Payload for update:
2025-02-07 15:25:06 [INFO]: Payload for deletion:
2025-02-07 15:25:16 [INFO]: Successfully fetched records from tracking.
2025-02-07 15:25:17 [INFO]: Successfully fetched records from tracking.
2025-02-07 15:25:18 [INFO]: Successfully Fetched Team:
2025-02-07 15:25:19 [INFO]: Successfully Fetched Team:
2025-02-07 15:25:19 [INFO]: Successfully Fetched Missed Tasks:
2025-02-07 15:25:20 [INFO]: Successfully Fetched Missed Tasks:
2025-02-07 15:25:21 [INFO]: Successfully Fetched Team:
2025-02-07 15:25:21 [INFO]: Successfully fetched tasks:
2025-02-07 15:25:22 [INFO]: Successfully Fetched Team:
2025-02-07 15:25:22 [INFO]: Successfully fetched tasks:
2025-02-07 15:25:23 [INFO]: Successfully Fetched Tasks:
2025-02-07 15:25:24 [INFO]: Successfully Fetched Tasks:
2025-02-07 15:25:42 [INFO]: Successfully fetched tasks:
2025-02-07 15:25:42 [INFO]: Successfully Fetched Team:
2025-02-07 15:25:43 [INFO]: Successfully Fetched Team:
2025-02-07 15:25:43 [INFO]: Successfully fetched tasks:
2025-02-07 15:25:46 [INFO]: Successfully Fetched Missed Tasks:
2025-02-07 15:25:46 [INFO]: Successfully Fetched Team:
2025-02-07 15:25:47 [INFO]: Successfully Fetched Missed Tasks:
2025-02-07 15:25:47 [INFO]: Successfully Fetched Team:
